0 info it worked if it ends with ok
1 verbose cli [ '/usr/local/bin/node', '/usr/local/bin/npm', 'start' ]
2 info using npm@4.0.5
3 info using node@v7.4.0
4 verbose run-script [ 'prestart', 'start', 'poststart' ]
5 info lifecycle simple-react-practice@1.0.0~prestart: simple-react-practice@1.0.0
6 silly lifecycle simple-react-practice@1.0.0~prestart: no script for prestart, continuing
7 info lifecycle simple-react-practice@1.0.0~start: simple-react-practice@1.0.0
8 verbose lifecycle simple-react-practice@1.0.0~start: unsafe-perm in lifecycle true
9 verbose lifecycle simple-react-practice@1.0.0~start: PATH: /usr/local/lib/node_modules/npm/bin/node-gyp-bin:/Users/Work/tie-chai/node_modules/.bin:/Users/Work/.rvm/gems/ruby-2.3.3/bin:/Users/Work/.rvm/gems/ruby-2.3.3@global/bin:/Users/Work/.rvm/rubies/ruby-2.3.3/bin:/usr/local/share/python:/usr/local/bin:/usr/bin:/bin:/usr/sbin:/sbin:/usr/local/go/bin:/Users/Work/.rvm/bin
10 verbose lifecycle simple-react-practice@1.0.0~start: CWD: /Users/Work/tie-chai
11 silly lifecycle simple-react-practice@1.0.0~start: Args: [ '-c', 'cd server && go run *.go && cd ..' ]
12 silly lifecycle simple-react-practice@1.0.0~start: Returned: code: 2  signal: null
13 info lifecycle simple-react-practice@1.0.0~start: Failed to exec start script
14 verbose stack Error: simple-react-practice@1.0.0 start: `cd server && go run *.go && cd ..`
14 verbose stack Exit status 2
14 verbose stack     at EventEmitter.<anonymous> (/usr/local/lib/node_modules/npm/lib/utils/lifecycle.js:279:16)
14 verbose stack     at emitTwo (events.js:106:13)
14 verbose stack     at EventEmitter.emit (events.js:191:7)
14 verbose stack     at ChildProcess.<anonymous> (/usr/local/lib/node_modules/npm/lib/utils/spawn.js:40:14)
14 verbose stack     at emitTwo (events.js:106:13)
14 verbose stack     at ChildProcess.emit (events.js:191:7)
14 verbose stack     at maybeClose (internal/child_process.js:885:16)
14 verbose stack     at Process.ChildProcess._handle.onexit (internal/child_process.js:226:5)
15 verbose pkgid simple-react-practice@1.0.0
16 verbose cwd /Users/Work/tie-chai
17 error Darwin 16.1.0
18 error argv "/usr/local/bin/node" "/usr/local/bin/npm" "start"
19 error node v7.4.0
20 error npm  v4.0.5
21 error code ELIFECYCLE
22 error simple-react-practice@1.0.0 start: `cd server && go run *.go && cd ..`
22 error Exit status 2
23 error Failed at the simple-react-practice@1.0.0 start script 'cd server && go run *.go && cd ..'.
23 error Make sure you have the latest version of node.js and npm installed.
23 error If you do, this is most likely a problem with the simple-react-practice package,
23 error not with npm itself.
23 error Tell the author that this fails on your system:
23 error     cd server && go run *.go && cd ..
23 error You can get information on how to open an issue for this project with:
23 error     npm bugs simple-react-practice
23 error Or if that isn't available, you can get their info via:
23 error     npm owner ls simple-react-practice
23 error There is likely additional logging output above.
24 verbose exit [ 1, true ]
